<?xml version="1.0" encoding="UTF-8"?>
<testsuite xmlns:xsi="http://www.w3.org/2001/XMLSchema-instance" xsi:noNamespaceSchemaLocation="https://maven.apache.org/surefire/maven-surefire-plugin/xsd/surefire-test-report.xsd" version="3.0.2" name="TestSuite" time="13.581" tests="4" errors="0" skipped="0" failures="0">
  <properties>
[...]
</properties>
  <testcase name="createUser_test" classname="api.test.UserTests2" time="5.508">
    <system-out><![CDATA[ERROR StatusConsoleListener appender File has no parameter that matches element Policies
2025-04-10 16:53:11 [main] INFO  UserTests2 - ***********  Creating User   ************
Body:
{
    "id": 1800976873,
    "username": "colene.larkin",
    "firstName": "Millie",
    "lastName": "Price",
    "email": "marquetta.ratke@hotmail.com",
    "password": "u19v4f",
    "phone": "1-706-996-2777",
    "userStatus": 0
}
HTTP/1.1 200 OK
Date: Thu, 10 Apr 2025 23:53:16 GMT
Content-Type: application/json
Transfer-Encoding: chunked
Connection: keep-alive
Access-Control-Allow-Origin: *
Access-Control-Allow-Methods: GET, POST, DELETE, PUT
Access-Control-Allow-Headers: Content-Type, api_key, Authorization
Server: Jetty(9.2.9.v20150224)

{
    "code": 200,
    "type": "unknown",
    "message": "1800976873"
}
2025-04-10 16:53:16 [main] INFO  UserTests2 - ***********  User is created   ************
]]></system-out>
    <system-err><![CDATA[SLF4J: Failed to load class "org.slf4j.impl.StaticLoggerBinder".
SLF4J: Defaulting to no-operation (NOP) logger implementation
SLF4J: See http://www.slf4j.org/codes.html#StaticLoggerBinder for further details.
]]></system-err>
  </testcase>
  <testcase name="getUser_test" classname="api.test.UserTests2" time="2.09">
    <system-out><![CDATA[2025-04-10 16:53:16 [main] INFO  UserTests2 - ***********  getting User  information  ************
Body:			<none>
HTTP/1.1 404 Not Found
Date: Thu, 10 Apr 2025 23:53:17 GMT
Content-Type: application/json
Transfer-Encoding: chunked
Connection: keep-alive
Access-Control-Allow-Origin: *
Access-Control-Allow-Methods: GET, POST, DELETE, PUT
Access-Control-Allow-Headers: Content-Type, api_key, Authorization
Server: Jetty(9.2.9.v20150224)

{
    "code": 1,
    "type": "error",
    "message": "User not found"
}
Body:			<none>
HTTP/1.1 200 OK
Date: Thu, 10 Apr 2025 23:53:19 GMT
Content-Type: application/json
Transfer-Encoding: chunked
Connection: keep-alive
Access-Control-Allow-Origin: *
Access-Control-Allow-Methods: GET, POST, DELETE, PUT
Access-Control-Allow-Headers: Content-Type, api_key, Authorization
Server: Jetty(9.2.9.v20150224)

{
    "id": 1800976873,
    "username": "colene.larkin",
    "firstName": "Millie",
    "lastName": "Price",
    "email": "marquetta.ratke@hotmail.com",
    "password": "u19v4f",
    "phone": "1-706-996-2777",
    "userStatus": 0
}
2025-04-10 16:53:19 [main] INFO  UserTests2 - ***********  Displaying User information ************
]]></system-out>
  </testcase>
  <testcase name="updateUser_test" classname="api.test.UserTests2" time="0.711">
    <system-out><![CDATA[2025-04-10 16:53:19 [main] INFO  UserTests2 - ***********  Updating User Information   ************
Body:
{
    "id": 1800976873,
    "username": "colene.larkin",
    "firstName": "Laverna",
    "lastName": "Zieme",
    "email": "marquetta.ratke@hotmail.com",
    "password": "u19v4f",
    "phone": "1-706-996-2777",
    "userStatus": 0
}
HTTP/1.1 200 OK
Date: Thu, 10 Apr 2025 23:53:19 GMT
Content-Type: application/json
Transfer-Encoding: chunked
Connection: keep-alive
Access-Control-Allow-Origin: *
Access-Control-Allow-Methods: GET, POST, DELETE, PUT
Access-Control-Allow-Headers: Content-Type, api_key, Authorization
Server: Jetty(9.2.9.v20150224)

{
    "code": 200,
    "type": "unknown",
    "message": "1800976873"
}
2025-04-10 16:53:19 [main] INFO  UserTests2 - ***********   User Information is updated  ************
]]></system-out>
  </testcase>
  <testcase name="deleteUser_test" classname="api.test.UserTests2" time="0.476">
    <system-out><![CDATA[Deleting user: colene.larkin
Body:			<none>
HTTP/1.1 200 OK
Date: Thu, 10 Apr 2025 23:53:20 GMT
Content-Type: application/json
Transfer-Encoding: chunked
Connection: keep-alive
Access-Control-Allow-Origin: *
Access-Control-Allow-Methods: GET, POST, DELETE, PUT
Access-Control-Allow-Headers: Content-Type, api_key, Authorization
Server: Jetty(9.2.9.v20150224)

{
    "code": 200,
    "type": "unknown",
    "message": "colene.larkin"
}
]]></system-out>
  </testcase>
</testsuite>