<?xml version="1.0" encoding="UTF-8"?>
<testng-results ignored="0" total="4" passed="4" failed="0" skipped="0">
  <reporter-output>
  </reporter-output>
  <suite started-at="2025-04-12T21:30:51 GMT-07:00" name="PetSuite" finished-at="2025-04-12T21:31:02 GMT-07:00" duration-ms="11403">
    <groups>
    </groups>
    <test started-at="2025-04-12T21:30:51 GMT-07:00" name="PetTest" finished-at="2025-04-12T21:31:02 GMT-07:00" duration-ms="11403">
      <class name="api.test.UserTests2">
        <test-method is-config="true" signature="setup()[pri:0, instance:api.test.UserTests2@e19bb76]" started-at="2025-04-12T21:30:51 GMT-07:00" name="setup" finished-at="2025-04-12T21:30:53 GMT-07:00" duration-ms="1622" status="PASS">
          <reporter-output>
          </reporter-output>
        </test-method> <!-- setup -->
        <test-method signature="createUser_test()[pri:1, instance:api.test.UserTests2@e19bb76]" started-at="2025-04-12T21:30:53 GMT-07:00" name="createUser_test" finished-at="2025-04-12T21:30:57 GMT-07:00" duration-ms="4300" status="PASS">
          <reporter-output>
          </reporter-output>
        </test-method> <!-- createUser_test -->
        <test-method signature="getUser_test()[pri:2, instance:api.test.UserTests2@e19bb76]" started-at="2025-04-12T21:30:57 GMT-07:00" name="getUser_test" finished-at="2025-04-12T21:31:01 GMT-07:00" depends-on-methods="api.test.UserTests2.createUser_test" duration-ms="4153" status="PASS">
          <reporter-output>
          </reporter-output>
        </test-method> <!-- getUser_test -->
        <test-method signature="updateUser_test()[pri:3, instance:api.test.UserTests2@e19bb76]" started-at="2025-04-12T21:31:01 GMT-07:00" name="updateUser_test" finished-at="2025-04-12T21:31:02 GMT-07:00" depends-on-methods="api.test.UserTests2.createUser_test" duration-ms="600" status="PASS">
          <reporter-output>
          </reporter-output>
        </test-method> <!-- updateUser_test -->
        <test-method signature="deleteUser_test()[pri:4, instance:api.test.UserTests2@e19bb76]" started-at="2025-04-12T21:31:02 GMT-07:00" name="deleteUser_test" finished-at="2025-04-12T21:31:02 GMT-07:00" duration-ms="605" status="PASS">
          <reporter-output>
          </reporter-output>
        </test-method> <!-- deleteUser_test -->
      </class> <!-- api.test.UserTests2 -->
    </test> <!-- PetTest -->
  </suite> <!-- PetSuite -->
</testng-results>
